<?xml version="1.0" encoding="UTF-8"?>
<robot generator="Robot 7.2.2 (Python 3.13.0 on win32)" generated="2025-03-12T21:18:15.869310" rpa="false" schemaversion="5">
<suite id="s1" name="Test 5G Functionalities" source="C:\Users\Ramesh1\Downloads\RF_confirmence\tests\modem\test_5g_functionalities.robot">
<test id="s1-t1" name="Test 5G Beamforming" line="9">
<kw name="Setup Device Connection" owner="device_keywords">
<arg>${DEVICE}</arg>
<status status="PASS" start="2025-03-12T21:18:16.263039" elapsed="0.001682"/>
</kw>
<kw name="Execute Command" owner="device_keywords">
<msg time="2025-03-12T21:18:16.267150" level="INFO">${beamforming_supported} = True</msg>
<var>${beamforming_supported}</var>
<arg>${DEVICE}</arg>
<arg>check_beamforming_support</arg>
<status status="PASS" start="2025-03-12T21:18:16.265897" elapsed="0.001491"/>
</kw>
<kw name="Should Be True" owner="BuiltIn">
<arg>${beamforming_supported}</arg>
<doc>Fails if the given condition is not true.</doc>
<status status="PASS" start="2025-03-12T21:18:16.267849" elapsed="0.000463"/>
</kw>
<kw name="Teardown Device Connection" owner="device_keywords">
<arg>${DEVICE}</arg>
<status status="PASS" start="2025-03-12T21:18:16.268764" elapsed="0.000656"/>
</kw>
<doc>Test the 5G beamforming functionality of the modem.</doc>
<status status="PASS" start="2025-03-12T21:18:16.259987" elapsed="0.009584"/>
</test>
<test id="s1-t2" name="Test 5G NR Carrier Aggregation" line="16">
<kw name="Setup Device Connection" owner="device_keywords">
<arg>${DEVICE}</arg>
<status status="PASS" start="2025-03-12T21:18:16.270741" elapsed="0.000356"/>
</kw>
<kw name="Execute Command" owner="device_keywords">
<msg time="2025-03-12T21:18:16.272079" level="INFO">${nr_ca_supported} = True</msg>
<var>${nr_ca_supported}</var>
<arg>${DEVICE}</arg>
<arg>check_nr_carrier_aggregation_support</arg>
<status status="PASS" start="2025-03-12T21:18:16.271503" elapsed="0.000635"/>
</kw>
<kw name="Should Be True" owner="BuiltIn">
<arg>${nr_ca_supported}</arg>
<doc>Fails if the given condition is not true.</doc>
<status status="PASS" start="2025-03-12T21:18:16.272468" elapsed="0.000232"/>
</kw>
<kw name="Teardown Device Connection" owner="device_keywords">
<arg>${DEVICE}</arg>
<status status="PASS" start="2025-03-12T21:18:16.272848" elapsed="0.000222"/>
</kw>
<doc>Test the 5G NR carrier aggregation functionality of the modem.</doc>
<status status="PASS" start="2025-03-12T21:18:16.269976" elapsed="0.004038"/>
</test>
<test id="s1-t3" name="Test 5G NR Bandwidth" line="23">
<kw name="Setup Device Connection" owner="device_keywords">
<arg>${DEVICE}</arg>
<status status="PASS" start="2025-03-12T21:18:16.277526" elapsed="0.000423"/>
</kw>
<kw name="Execute Command" owner="device_keywords">
<msg time="2025-03-12T21:18:16.278801" level="INFO">${nr_bandwidth} = 100</msg>
<var>${nr_bandwidth}</var>
<arg>${DEVICE}</arg>
<arg>get_nr_bandwidth</arg>
<status status="PASS" start="2025-03-12T21:18:16.278263" elapsed="0.000792"/>
</kw>
<kw name="Should Be Equal As Numbers" owner="BuiltIn">
<msg time="2025-03-12T21:18:16.280255" level="INFO">Argument types are:
&lt;class 'int'&gt;
&lt;class 'str'&gt;</msg>
<arg>${nr_bandwidth}</arg>
<arg>100</arg>
<doc>Fails if objects are unequal after converting them to real numbers.</doc>
<status status="PASS" start="2025-03-12T21:18:16.279711" elapsed="0.000703"/>
</kw>
<kw name="Teardown Device Connection" owner="device_keywords">
<arg>${DEVICE}</arg>
<status status="PASS" start="2025-03-12T21:18:16.281357" elapsed="0.001339"/>
</kw>
<doc>Test the 5G NR bandwidth support of the modem.</doc>
<status status="PASS" start="2025-03-12T21:18:16.275473" elapsed="0.007485"/>
</test>
<test id="s1-t4" name="Test 5G NR UL/DL Ratio" line="30">
<kw name="Setup Device Connection" owner="device_keywords">
<arg>${DEVICE}</arg>
<status status="PASS" start="2025-03-12T21:18:16.284408" elapsed="0.000371"/>
</kw>
<kw name="Execute Command" owner="device_keywords">
<msg time="2025-03-12T21:18:16.285406" level="INFO">${nr_ul_dl_ratio} = 2</msg>
<var>${nr_ul_dl_ratio}</var>
<arg>${DEVICE}</arg>
<arg>get_nr_ul_dl_ratio</arg>
<status status="PASS" start="2025-03-12T21:18:16.285011" elapsed="0.000439"/>
</kw>
<kw name="Should Be Equal As Numbers" owner="BuiltIn">
<msg time="2025-03-12T21:18:16.286115" level="INFO">Argument types are:
&lt;class 'int'&gt;
&lt;class 'str'&gt;</msg>
<arg>${nr_ul_dl_ratio}</arg>
<arg>2</arg>
<doc>Fails if objects are unequal after converting them to real numbers.</doc>
<status status="PASS" start="2025-03-12T21:18:16.285652" elapsed="0.000543"/>
</kw>
<kw name="Teardown Device Connection" owner="device_keywords">
<arg>${DEVICE}</arg>
<status status="PASS" start="2025-03-12T21:18:16.286468" elapsed="0.000393"/>
</kw>
<doc>Test the 5G NR uplink/downlink ratio of the modem.</doc>
<status status="PASS" start="2025-03-12T21:18:16.283477" elapsed="0.003628"/>
</test>
<test id="s1-t5" name="Test 5G NR Massive MIMO" line="37">
<kw name="Setup Device Connection" owner="device_keywords">
<arg>${DEVICE}</arg>
<status status="PASS" start="2025-03-12T21:18:16.288128" elapsed="0.000222"/>
</kw>
<kw name="Execute Command" owner="device_keywords">
<msg time="2025-03-12T21:18:16.289197" level="INFO">${nr_massive_mimo_supported} = True</msg>
<var>${nr_massive_mimo_supported}</var>
<arg>${DEVICE}</arg>
<arg>check_nr_massive_mimo_support</arg>
<status status="PASS" start="2025-03-12T21:18:16.288493" elapsed="0.000761"/>
</kw>
<kw name="Should Be True" owner="BuiltIn">
<arg>${nr_massive_mimo_supported}</arg>
<doc>Fails if the given condition is not true.</doc>
<status status="PASS" start="2025-03-12T21:18:16.289408" elapsed="0.000654"/>
</kw>
<kw name="Teardown Device Connection" owner="device_keywords">
<arg>${DEVICE}</arg>
<status status="PASS" start="2025-03-12T21:18:16.290485" elapsed="0.000354"/>
</kw>
<doc>Test the 5G NR massive MIMO functionality of the modem.</doc>
<status status="PASS" start="2025-03-12T21:18:16.287516" elapsed="0.003521"/>
</test>
<test id="s1-t6" name="Test 5G NR HARQ" line="44">
<kw name="Setup Device Connection" owner="device_keywords">
<arg>${DEVICE}</arg>
<status status="PASS" start="2025-03-12T21:18:16.292191" elapsed="0.000295"/>
</kw>
<kw name="Execute Command" owner="device_keywords">
<msg time="2025-03-12T21:18:16.295461" level="INFO">${nr_harq_supported} = True</msg>
<var>${nr_harq_supported}</var>
<arg>${DEVICE}</arg>
<arg>check_nr_harq_support</arg>
<status status="PASS" start="2025-03-12T21:18:16.292713" elapsed="0.004150"/>
</kw>
<kw name="Should Be True" owner="BuiltIn">
<arg>${nr_harq_supported}</arg>
<doc>Fails if the given condition is not true.</doc>
<status status="PASS" start="2025-03-12T21:18:16.298561" elapsed="0.001534"/>
</kw>
<kw name="Teardown Device Connection" owner="device_keywords">
<arg>${DEVICE}</arg>
<status status="PASS" start="2025-03-12T21:18:16.300336" elapsed="0.001144"/>
</kw>
<doc>Test the 5G NR HARQ (Hybrid Automatic Repeat Request) functionality of the modem.</doc>
<status status="PASS" start="2025-03-12T21:18:16.291632" elapsed="0.010254"/>
</test>
<test id="s1-t7" name="Test 5G NR Power Control" line="51">
<kw name="Setup Device Connection" owner="device_keywords">
<arg>${DEVICE}</arg>
<status status="PASS" start="2025-03-12T21:18:16.303961" elapsed="0.000811"/>
</kw>
<kw name="Execute Command" owner="device_keywords">
<msg time="2025-03-12T21:18:16.307256" level="INFO">${nr_power_control_supported} = True</msg>
<var>${nr_power_control_supported}</var>
<arg>${DEVICE}</arg>
<arg>check_nr_power_control_support</arg>
<status status="PASS" start="2025-03-12T21:18:16.305432" elapsed="0.002027"/>
</kw>
<kw name="Should Be True" owner="BuiltIn">
<arg>${nr_power_control_supported}</arg>
<doc>Fails if the given condition is not true.</doc>
<status status="PASS" start="2025-03-12T21:18:16.307849" elapsed="0.000385"/>
</kw>
<kw name="Teardown Device Connection" owner="device_keywords">
<arg>${DEVICE}</arg>
<status status="PASS" start="2025-03-12T21:18:16.308913" elapsed="0.000304"/>
</kw>
<doc>Test the 5G NR power control functionality of the modem.</doc>
<status status="PASS" start="2025-03-12T21:18:16.302615" elapsed="0.006778"/>
</test>
<test id="s1-t8" name="Test 5G NR Network Slicing" line="58">
<kw name="Setup Device Connection" owner="device_keywords">
<arg>${DEVICE}</arg>
<status status="PASS" start="2025-03-12T21:18:16.311642" elapsed="0.000367"/>
</kw>
<kw name="Execute Command" owner="device_keywords">
<msg time="2025-03-12T21:18:16.312857" level="INFO">${network_slicing_supported} = True</msg>
<var>${network_slicing_supported}</var>
<arg>${DEVICE}</arg>
<arg>check_nr_network_slicing_support</arg>
<status status="PASS" start="2025-03-12T21:18:16.312370" elapsed="0.000558"/>
</kw>
<kw name="Should Be True" owner="BuiltIn">
<arg>${network_slicing_supported}</arg>
<doc>Fails if the given condition is not true.</doc>
<status status="PASS" start="2025-03-12T21:18:16.313155" elapsed="0.000295"/>
</kw>
<kw name="Teardown Device Connection" owner="device_keywords">
<arg>${DEVICE}</arg>
<status status="PASS" start="2025-03-12T21:18:16.313601" elapsed="0.000193"/>
</kw>
<doc>Test the 5G NR network slicing functionality of the modem.</doc>
<status status="PASS" start="2025-03-12T21:18:16.309972" elapsed="0.003971"/>
</test>
<status status="PASS" start="2025-03-12T21:18:15.874379" elapsed="0.440534"/>
</suite>
<statistics>
<total>
<stat pass="8" fail="0" skip="0">All Tests</stat>
</total>
<tag>
</tag>
<suite>
<stat name="Test 5G Functionalities" id="s1" pass="8" fail="0" skip="0">Test 5G Functionalities</stat>
</suite>
</statistics>
<errors>
</errors>
</robot>
